<?xml version="1.0" encoding="UTF-8"?>
<!-- Generated by org.testng.reporters.JUnitReportReporter -->
<testsuite skipped="0" hostname="LAPTOP-1016HSRS" name="testngconcepts.TestNGGroupTest" tests="1" failures="0" timestamp="20 Jan 2020 06:19:56 GMT" time="0.016" errors="0">
  <testcase name="method" time="0.016" classname="testngconcepts.TestNGGroupTest"/>
</testsuite> <!-- testngconcepts.TestNGGroupTest -->
