<?xml version="1.0" encoding="UTF-8"?>
<!-- Generated by org.testng.reporters.JUnitReportReporter -->
<testsuite skipped="0" hostname="LAPTOP-1016HSRS" name="testngconcepts.TestNGGroupsConcept" tests="2" failures="0" timestamp="20 Jan 2020 05:55:04 GMT" time="61.820" errors="0">
  <testcase name="flipkart" time="30.917" classname="testngconcepts.TestNGGroupsConcept"/>
  <testcase name="google" time="30.903" classname="testngconcepts.TestNGGroupsConcept"/>
</testsuite> <!-- testngconcepts.TestNGGroupsConcept -->
