<?xml version="1.0" encoding="UTF-8"?>
<!-- Generated by org.testng.reporters.JUnitReportReporter -->
<testsuite skipped="0" hostname="LAPTOP-1016HSRS" name="seleniuminterviewtopics.ReportingTest" tests="1" failures="0" timestamp="15 Dec 2019 15:44:43 GMT" time="0.517" errors="0">
  <testcase name="reportTest" time="0.517" classname="seleniuminterviewtopics.ReportingTest"/>
</testsuite> <!-- seleniuminterviewtopics.ReportingTest -->
