<?xml version="1.0" encoding="UTF-8"?>
<!-- Generated by org.testng.reporters.JUnitReportReporter -->
<testsuite skipped="0" hostname="LAPTOP-1016HSRS" name="seleniuminterviewtopics.JavascriptExecutorProgram" tests="1" failures="0" timestamp="29 Dec 2019 15:58:30 GMT" time="24.405" errors="0">
  <testcase name="test" time="24.405" classname="seleniuminterviewtopics.JavascriptExecutorProgram"/>
</testsuite> <!-- seleniuminterviewtopics.JavascriptExecutorProgram -->
