<?xml version="1.0" encoding="UTF-8"?>
<!-- Generated by org.testng.reporters.JUnitReportReporter -->
<testsuite skipped="0" hostname="LAPTOP-1016HSRS" name="seleniuminterviewtopics.ExtentReportDemo" tests="3" failures="0" timestamp="15 Dec 2019 15:14:05 GMT" time="0.745" errors="0">
  <testcase name="extentReportCommonMethod" time="0.557" classname="seleniuminterviewtopics.ExtentReportDemo"/>
  <testcase name="validateHeader" time="0.092" classname="seleniuminterviewtopics.ExtentReportDemo"/>
  <testcase name="logintest" time="0.096" classname="seleniuminterviewtopics.ExtentReportDemo"/>
</testsuite> <!-- seleniuminterviewtopics.ExtentReportDemo -->
