<?xml version="1.0" encoding="UTF-8"?>
<!-- Generated by org.testng.reporters.JUnitReportReporter -->
<testsuite skipped="0" hostname="LAPTOP-1016HSRS" name="testngconcepts.TestNGGroupsConcept" tests="2" failures="0" timestamp="19 Dec 2019 18:52:05 GMT" time="21.363" errors="0">
  <testcase name="flipkart" time="11.348" classname="testngconcepts.TestNGGroupsConcept"/>
  <testcase name="google" time="10.015" classname="testngconcepts.TestNGGroupsConcept"/>
</testsuite> <!-- testngconcepts.TestNGGroupsConcept -->
